-- Drop and recreate extension for a clean slate
DROP EXTENSION IF EXISTS itree cascade;
NOTICE:  extension "itree" does not exist, skipping
CREATE EXTENSION itree;
--GIN operators
SELECT am.amname AS index_method,
       opf.opfname AS opfamily_name,
       amop.amopopr::regoperator AS opfamily_operator,
       amop.amopstrategy 
    FROM pg_am am, pg_opfamily opf, pg_amop amop
    WHERE opf.opfmethod = am.oid AND
          amop.amopfamily = opf.oid and am.amname ='gin' and opf.opfname = 'itree_gin_ops'
    ORDER BY index_method, opfamily_name, opfamily_operator;
 index_method | opfamily_name | opfamily_operator | amopstrategy 
--------------+---------------+-------------------+--------------
 gin          | itree_gin_ops | @>(itree,itree)   |            2
 gin          | itree_gin_ops | <@(itree,itree)   |            1
(2 rows)

--GIN support functions
SELECT
    opfname,
    amprocnum,
    proname
FROM pg_amproc
JOIN pg_proc ON pg_amproc.amproc = pg_proc.oid
JOIN pg_opfamily ON pg_amproc.amprocfamily = pg_opfamily.oid
WHERE opfname = 'itree_gin_ops'
ORDER BY amprocnum;
    opfname    | amprocnum |       proname       
---------------+-----------+---------------------
 itree_gin_ops |         2 | itree_extract_value
 itree_gin_ops |         3 | itree_extract_query
 itree_gin_ops |         4 | itree_consistent
(3 rows)

--BTREE
--operators
SELECT am.amname AS index_method,
       opf.opfname AS opfamily_name,
       amop.amopopr::regoperator AS opfamily_operator,
       amop.amopstrategy 
    FROM pg_am am, pg_opfamily opf, pg_amop amop
    WHERE opf.opfmethod = am.oid AND
          amop.amopfamily = opf.oid and am.amname ='btree' and opf.opfname = 'itree_btree_ops'
    ORDER BY index_method, opfamily_name, opfamily_operator;
 index_method |  opfamily_name  | opfamily_operator | amopstrategy 
--------------+-----------------+-------------------+--------------
 btree        | itree_btree_ops | >(itree,itree)    |            5
 btree        | itree_btree_ops | >=(itree,itree)   |            4
 btree        | itree_btree_ops | <(itree,itree)    |            1
 btree        | itree_btree_ops | <=(itree,itree)   |            2
 btree        | itree_btree_ops | =(itree,itree)    |            3
(5 rows)

SELECT
    opfname,
    amprocnum,
    proname
FROM pg_amproc
JOIN pg_proc ON pg_amproc.amproc = pg_proc.oid
JOIN pg_opfamily ON pg_amproc.amprocfamily = pg_opfamily.oid
WHERE opfname = 'itree_btree_ops'
ORDER BY amprocnum;
     opfname     | amprocnum |  proname  
-----------------+-----------+-----------
 itree_btree_ops |         1 | itree_cmp
(1 row)

-- Test itree_out with NULL
SELECT NULL::itree; 
 itree 
-------
 
(1 row)

-- Expected: NULL
--max level 1 byte segments ok
SELECT '1.2.3.4.5.6.7.8.9.10.11.12.13.14.15.16'::itree;
                 itree                  
----------------------------------------
 1.2.3.4.5.6.7.8.9.10.11.12.13.14.15.16
(1 row)

-- more then max level ignored
SELECT '1.2.3.4.5.6.7.8.9.10.11.12.13.14.15.16.17'::itree;
                 itree                  
----------------------------------------
 1.2.3.4.5.6.7.8.9.10.11.12.13.14.15.16
(1 row)

-- more then max 16 byte storage not allowed
select '1.2.3.4.5.6.7.8.9.10.11.12.13.14.15.300'::itree;
ERROR:  Data index 16 out of bounds [0,16)
LINE 1: select '1.2.3.4.5.6.7.8.9.10.11.12.13.14.15.300'::itree;
               ^
--empty internal segment not allowed
SELECT '1..3'::itree;
ERROR:  itree segment must be in range 1..65535 (got 0)
LINE 1: SELECT '1..3'::itree;
               ^
--empty last segment ignored
SELECT '1.2.3.4.5.6.7.8.9.10.11.12.13.14.15.16.'::itree;
                 itree                  
----------------------------------------
 1.2.3.4.5.6.7.8.9.10.11.12.13.14.15.16
(1 row)

--INVALID last segment not ignored
SELECT '1.2.0'::itree;
ERROR:  itree segment must be in range 1..65535 (got 0)
LINE 1: SELECT '1.2.0'::itree;
               ^
SELECT '1.2.-3'::itree;
ERROR:  itree segment must be in range 1..65535 (got -3)
LINE 1: SELECT '1.2.-3'::itree;
               ^
--2 byte segment is ok
SELECT '256'::itree as two_byte_segment;
 two_byte_segment 
------------------
 256
(1 row)

-- Expected: 1.256
-- Test basic type creation and I/O
SELECT '1.2.3'::itree AS basic_input;
 basic_input 
-------------
 1.2.3
(1 row)

-- Expected: 1.2.3
-- more then 2 byte segment not allowed
SELECT '1.65536'::itree AS too_big_input;
ERROR:  itree segment must be in range 1..65535 (got 65536)
LINE 1: SELECT '1.65536'::itree AS too_big_input;
               ^
-- Expected: ERROR:  itree segment must be in range 1..65535 (got 65536)
-- Test invalid inputs
DO $$
BEGIN
    PERFORM '0.1'::itree;  -- Should fail (zero segment)
    RAISE EXCEPTION 'Expected error not raised';
EXCEPTION
    WHEN invalid_text_representation THEN
        RAISE NOTICE 'Caught expected error: zero segment';
END;
$$;
NOTICE:  Caught expected error: zero segment
-- Expected: NOTICE: Caught expected error: zero segment
DO $$
BEGIN
    PERFORM '70000'::itree;  -- Should fail (exceeds 65535)
    RAISE EXCEPTION 'Expected error not raised';
EXCEPTION
    WHEN invalid_text_representation THEN
        RAISE NOTICE 'Caught expected error: exceeds max value';
END;
$$;
NOTICE:  Caught expected error: exceeds max value
-- Expected: NOTICE: Caught expected error: exceeds max value
-- Test equality operator
SELECT '1.2'::itree = '1.2'::itree AS eq_true;
 eq_true 
---------
 t
(1 row)

-- Expected: t
SELECT '1.2'::itree = '1.3'::itree AS eq_false;
 eq_false 
----------
 f
(1 row)

-- Expected: f
-- Test comparison operators (B-tree support)
SELECT '1.2'::itree < '1.2.3'::itree AS lt_true;
 lt_true 
---------
 t
(1 row)

-- Expected: t
SELECT '1.2.3'::itree < '1.2'::itree AS lt_false;
 lt_false 
----------
 f
(1 row)

-- Expected: f
SELECT '1.2'::itree <= '1.2'::itree AS le_true;
 le_true 
---------
 t
(1 row)

-- Expected: t
SELECT '1.2.3'::itree <= '1.2'::itree AS le_false;
 le_false 
----------
 f
(1 row)

-- Expected: f
SELECT '3'::itree > '2'::itree AS gt_true;
 gt_true 
---------
 t
(1 row)

-- Expected: t
SELECT '2'::itree > '3'::itree AS gt_false;
 gt_false 
----------
 f
(1 row)

-- Expected: f
SELECT '300'::itree >= '300'::itree AS ge_true;
 ge_true 
---------
 t
(1 row)

-- Expected: t
SELECT '2'::itree >= '300'::itree AS ge_false;
 ge_false 
----------
 f
(1 row)

-- Expected: f
-- Test hierarchical operators (GIN support)
SELECT '1.2.3'::itree <@ '1.2'::itree AS descendant_true;
 descendant_true 
-----------------
 t
(1 row)

-- Expected: t
SELECT '1.2'::itree <@ '1.2.3'::itree AS descendant_false;
 descendant_false 
------------------
 f
(1 row)

-- Expected: f
SELECT '1.2'::itree <@ '1.2'::itree AS descendant_equal;
 descendant_equal 
------------------
 t
(1 row)

-- Expected: t
SELECT '300.2'::itree <@ '300'::itree AS descendant_2byte;
 descendant_2byte 
------------------
 t
(1 row)

-- Expected: t
SELECT '1.2'::itree @> '1.2.3'::itree AS ancestor_true;
 ancestor_true 
---------------
 t
(1 row)

-- Expected: t
SELECT '1.2.3'::itree @> '1.2'::itree AS ancestor_false;
 ancestor_false 
----------------
 f
(1 row)

-- Expected: f
SELECT '1.2'::itree @> '1.2'::itree AS ancestor_equal;
 ancestor_equal 
----------------
 t
(1 row)

-- Expected: t
SELECT '300'::itree @> '300.2'::itree AS ancestor_2byte;
 ancestor_2byte 
----------------
 t
(1 row)

-- Expected: t
SELECT ilevel('1.2.3'::itree) AS level_3;
 level_3 
---------
       3
(1 row)

-- Expected: 3
SELECT '1.2.3'::itree || '4.5.6'::itree AS concat_result;
 concat_result 
---------------
 1.2.3.4.5.6
(1 row)

-- Expected: 1.2.3.4.5.6
SELECT '1.2.3'::itree || 4 AS concat_int_result;
 concat_int_result 
-------------------
 1.2.3.4
(1 row)

-- Expected: 1.2.3.4
SELECT '1.2.3'::itree || '4.5' AS concat_text_result;
 concat_text_result 
--------------------
 1.2.3.4.5
(1 row)

-- Expected: 1.2.3.4.5
-- subitree
-- Test extracting a single segment
SELECT subitree('1.2.3.4'::itree, 1, 2) AS subitree_single_segment;
 subitree_single_segment 
-------------------------
 2
(1 row)

-- Expected: 2
-- Test extracting multiple segments
SELECT subitree('1.2.3.4'::itree, 1, 3) AS subitree_multiple_segments;
 subitree_multiple_segments 
----------------------------
 2.3
(1 row)

-- Expected: 2.3
-- Test extracting the entire itree
SELECT subitree('1.2.3.4'::itree, 0, 4) AS subitree_full;
 subitree_full 
---------------
 1.2.3.4
(1 row)

-- Expected: 1.2.3.4
-- Test out-of-bounds start
SELECT subitree('1.2.3.4'::itree, 5, 6) AS subitree_out_of_bounds_start;
ERROR:  itree subpath out of bounds
-- Expected: ERROR (subpath out of bounds)
-- Test out-of-bounds end
SELECT subitree('1.2.3.4'::itree, 2, 5) AS subitree_out_of_bounds_end;
ERROR:  itree subpath out of bounds
-- Expected: ERROR (subpath out of bounds)
--subpath
-- Parent
SELECT subpath('1.2.3.4.5'::itree, 0, -1) AS parent;
 parent  
---------
 1.2.3.4
(1 row)

-- Expected: 1.2.3.4
-- Test extracting a subpath with positive offset and length
SELECT subpath('1.2.3.4.5'::itree, 0, 2) AS subpath_positive_offset_len;
 subpath_positive_offset_len 
-----------------------------
 1.2
(1 row)

-- Expected: 1.2
-- Test extracting a subpath with negative offset
SELECT subpath('1.2.3.4.5'::itree, -2, 2) AS subpath_negative_offset;
 subpath_negative_offset 
-------------------------
 4.5
(1 row)

-- Expected: 4.5
-- Test extracting a subpath with negative length
SELECT subpath('1.2.3.4.5'::itree, 0, -1) AS subpath_negative_length;
 subpath_negative_length 
-------------------------
 1.2.3.4
(1 row)

-- Expected: 1.2.3.4
-- Test extracting the entire itree
SELECT subpath('1.2.3.4.5'::itree, 0, 5) AS subpath_full;
 subpath_full 
--------------
 1.2.3.4.5
(1 row)

-- Expected: 1.2.3.4.5
-- Test out-of-bounds offset
SELECT subpath('1.2.3.4.5'::itree, 6, 2) AS subpath_out_of_bounds_offset;
ERROR:  itree subpath out of bounds
-- Expected: ERROR (subpath out of bounds)
-- Test out-of-bounds length
SELECT subpath('1.2.3.4.5'::itree, 3, 3) AS subpath_out_of_bounds_length;
ERROR:  itree subpath out of bounds
-- Expected: ERROR (subpath out of bounds)
-- INDEX TESTS
drop table if exists itree_pk;
NOTICE:  table "itree_pk" does not exist, skipping
-- Test B-tree index as primary key
CREATE TABLE itree_pk (
    id itree PRIMARY KEY
);
INSERT INTO itree_pk VALUES
    ('1'),
    ('1.2'),
    ('1.2.3'),
    ('2'),
    ('300'),
    ('300.2');
-- Test uniqueness
INSERT INTO itree_pk VALUES ('1.2') ON CONFLICT DO NOTHING;
-- Expected: No duplicate inserted
SELECT id FROM itree_pk ORDER BY id;
  id   
-------
 1
 1.2
 1.2.3
 2
 300
 300.2
(6 rows)

-- Expected:
--  id    
-- -------
--  1
--  1.2
--  1.2.3
--  2
--  300
--  300.2
-- Test exact match
SELECT id FROM itree_pk WHERE id = '1.2'::itree;
 id  
-----
 1.2
(1 row)

-- Expected:
--  id  
-- -----
--  1.2
-- Test range query
SELECT id FROM itree_pk WHERE id > '1.2'::itree AND id < '300'::itree;
  id   
-------
 1.2.3
 2
(2 rows)

-- Expected:
--  id    
-- -------
--  1.2.3
--  2
-- Verify B-tree index usage
EXPLAIN SELECT id FROM itree_pk WHERE id = '1.2'::itree;
                                  QUERY PLAN                                  
------------------------------------------------------------------------------
 Bitmap Heap Scan on itree_pk  (cost=4.39..25.95 rows=925 width=16)
   Recheck Cond: (id = '1.2'::itree)
   ->  Bitmap Index Scan on itree_pk_pkey  (cost=0.00..4.16 rows=925 width=0)
         Index Cond: (id = '1.2'::itree)
(4 rows)

-- Expected: Index Scan using itree_pk_pkey
-- Test GIN index
drop table if exists itree_gin_test;
NOTICE:  table "itree_gin_test" does not exist, skipping
CREATE TABLE itree_gin_test (ref_id itree references itree_pk(id));
CREATE INDEX itree_gin_idx ON itree_gin_test USING GIN (ref_id itree_gin_ops);
INSERT INTO itree_gin_test VALUES 
    ('1'),
    ('1.2'),
    ('1.2.3'),
    ('2'),
    ('300'),
    ('300.2')
    ;
-- Force index usage
SET enable_seqscan = off;
-- Test descendants
SELECT ref_id FROM itree_gin_test WHERE ref_id <@ '1.2'::itree;
 ref_id 
--------
 1.2
 1.2.3
(2 rows)

-- Expected:
--  id    
-- -------
--  1.2
--  1.2.3
-- Test ancestors
SELECT ref_id FROM itree_gin_test WHERE ref_id @> '1.2.3'::itree;
 ref_id 
--------
 1
 1.2
 1.2.3
(3 rows)

-- Expected:
--  id    
-- -------
--  1
--  1.2
--  1.2.3
-- Test 2-byte segment hierarchy
SELECT ref_id FROM itree_gin_test WHERE ref_id <@ '300'::itree;
 ref_id 
--------
 300
 300.2
(2 rows)

-- Expected:
--  id    
-- -------
--  300
--  300.2
--Query is NULL
SELECT * FROM itree_gin_test WHERE ref_id @> NULL::itree;
 ref_id 
--------
(0 rows)

-- Expected: No rows
SELECT * FROM itree_gin_test WHERE ref_id <@ NULL::itree;
 ref_id 
--------
(0 rows)

-- Expected: No rows
-- Verify GIN index usage
EXPLAIN SELECT ref_id FROM itree_gin_test WHERE ref_id <@ '1.2'::itree;
                                  QUERY PLAN                                   
-------------------------------------------------------------------------------
 Bitmap Heap Scan on itree_gin_test  (cost=17.66..39.22 rows=925 width=16)
   Recheck Cond: (ref_id <@ '1.2'::itree)
   ->  Bitmap Index Scan on itree_gin_idx  (cost=0.00..17.43 rows=925 width=0)
         Index Cond: (ref_id <@ '1.2'::itree)
(4 rows)

-- Expected: Bitmap Index Scan on itree_gin_idx
-- Reset seqscan
SET enable_seqscan = on;
